Using pre-set license
Built from '2020.2/staging' branch; Version is '2020.2.6f1 (8a2143876886) revision 9052483'; Using compiler version '192528614'; Build Type 'Release'
OS: 'Windows 10 Pro; OS build 18363.1556; Version 1909; 64bit' Language: 'en' Physical Memory: 65450 MB
BatchMode: 1, IsHumanControllingUs: 0, StartBugReporterOnCrash: 0, Is64bit: 1, IsPro: 0

 COMMAND LINE ARGUMENTS:
C:\Program Files\Unity\Hub\Editor\2020.2.6f1\Editor\Unity.exe
-adb2
-batchMode
-noUpm
-name
AssetImportWorker0
-projectPath
C:/Users/Isaac/Documents/_games/TicTacToe/TicTacToe
-logFile
Logs/AssetImportWorker0.log
-srvPort
62104
Successfully changed project path to: C:/Users/Isaac/Documents/_games/TicTacToe/TicTacToe
C:/Users/Isaac/Documents/_games/TicTacToe/TicTacToe
Using Asset Import Pipeline V2.
Refreshing native plugins compatible for Editor in 16.85 ms, found 0 plugins.
Preloading 0 native plugins for Editor in 0.00 ms.
Initialize engine version: 2020.2.6f1 (8a2143876886)
[Subsystems] Discovering subsystems at path C:/Program Files/Unity/Hub/Editor/2020.2.6f1/Editor/Data/Resources/UnitySubsystems
[Subsystems] Discovering subsystems at path C:/Users/Isaac/Documents/_games/TicTacToe/TicTacToe/Assets
GfxDevice: creating device client; threaded=0
Direct3D:
    Version:  Direct3D 11.0 [level 11.1]
    Renderer: NVIDIA GeForce RTX 3080 Ti (ID=0x2208)
    Vendor:   
    VRAM:     12108 MB
    Driver:   30.0.14.7168
Initialize mono
Mono path[0] = 'C:/Program Files/Unity/Hub/Editor/2020.2.6f1/Editor/Data/Managed'
Mono path[1] = 'C:/Program Files/Unity/Hub/Editor/2020.2.6f1/Editor/Data/MonoBleedingEdge/lib/mono/unityjit'
Mono config path = 'C:/Program Files/Unity/Hub/Editor/2020.2.6f1/Editor/Data/MonoBleedingEdge/etc'
Using monoOptions --debugger-agent=transport=dt_socket,embedding=1,server=y,suspend=n,address=127.0.0.1:56984
Begin MonoManager ReloadAssembly
Registering precompiled unity dll's ...
Register platform support module: C:/Program Files/Unity/Hub/Editor/2020.2.6f1/Editor/Data/PlaybackEngines/WindowsStandaloneSupport/UnityEditor.WindowsStandalone.Extensions.dll
Registered in 0.001484 seconds.
Native extension for WindowsStandalone target not found
Refreshing native plugins compatible for Editor in 18.52 ms, found 0 plugins.
Preloading 0 native plugins for Editor in 0.00 ms.
Invoked RoslynAnalysisRunner static constructor.
RoslynAnalysisRunner will not be running.
RoslynAnalysisRunner has terminated.
Mono: successfully reloaded assembly
- Completed reload, in  1.702 seconds
Platform modules already initialized, skipping
Registering precompiled user dll's ...
Registered in 0.000550 seconds.
Begin MonoManager ReloadAssembly
Native extension for WindowsStandalone target not found
Refreshing native plugins compatible for Editor in 0.16 ms, found 0 plugins.
Preloading 0 native plugins for Editor in 0.00 ms.
Invoked RoslynAnalysisRunner static constructor.
RoslynAnalysisRunner will not be running.
RoslynAnalysisRunner has terminated.
Mono: successfully reloaded assembly
- Completed reload, in  0.755 seconds
Platform modules already initialized, skipping
========================================================================
Worker process is ready to serve import requests
Launched and connected shader compiler UnityShaderCompiler.exe after 0.03 seconds
Refreshing native plugins compatible for Editor in 0.19 ms, found 0 plugins.
Preloading 0 native plugins for Editor in 0.00 ms.
Unloading 1107 Unused Serialized files (Serialized files now loaded: 0)
System memory in use before: 56.8 MB.
System memory in use after: 56.8 MB.

Unloading 11 unused Assets to reduce memory usage. Loaded Objects now: 1547.
Total: 1.173000 ms (FindLiveObjects: 0.110600 ms CreateObjectMapping: 0.028600 ms MarkObjects: 0.969000 ms  DeleteObjects: 0.063700 ms)

========================================================================
Received Import Request.
  path: Assets/Dependencies/TakeTurns.dll
  artifactKey: Guid(1a6a0bb7d5cdf6648a7828c256643761) Importer(815301076,1909f56bfc062723c751e8b465ee728b)
Start importing Assets/Dependencies/TakeTurns.dll using Guid(1a6a0bb7d5cdf6648a7828c256643761) Importer(815301076,1909f56bfc062723c751e8b465ee728b)  -> (artifact id: 'c7be028ea15f8c345d46f2cb772d0523') in 0.031845 seconds
  Import took 0.033407 seconds .

========================================================================
Received Import Request.
  Time since last request: 0.086975 seconds.
  path: Assets/Dependencies/TakeTurns.dll
  artifactKey: Guid(1a6a0bb7d5cdf6648a7828c256643761) Importer(815301076,1909f56bfc062723c751e8b465ee728b)
Start importing Assets/Dependencies/TakeTurns.dll using Guid(1a6a0bb7d5cdf6648a7828c256643761) Importer(815301076,1909f56bfc062723c751e8b465ee728b)  -> (artifact id: 'c7be028ea15f8c345d46f2cb772d0523') in 0.001882 seconds
  Import took 0.003135 seconds .

========================================================================
Received Prepare
Registering precompiled user dll's ...
Registered in 0.000844 seconds.
Begin MonoManager ReloadAssembly
Native extension for WindowsStandalone target not found
Refreshing native plugins compatible for Editor in 0.16 ms, found 0 plugins.
Preloading 0 native plugins for Editor in 0.00 ms.
Invoked RoslynAnalysisRunner static constructor.
RoslynAnalysisRunner will not be running.
RoslynAnalysisRunner has terminated.
Mono: successfully reloaded assembly
- Completed reload, in  0.592 seconds
Platform modules already initialized, skipping
Refreshing native plugins compatible for Editor in 0.16 ms, found 0 plugins.
Preloading 0 native plugins for Editor in 0.00 ms.
Unloading 1102 Unused Serialized files (Serialized files now loaded: 0)
System memory in use before: 56.7 MB.
System memory in use after: 56.8 MB.

Unloading 6 unused Assets to reduce memory usage. Loaded Objects now: 1549.
Total: 1.053300 ms (FindLiveObjects: 0.096900 ms CreateObjectMapping: 0.025600 ms MarkObjects: 0.896000 ms  DeleteObjects: 0.034100 ms)

========================================================================
Received Prepare
Registering precompiled user dll's ...
Registered in 0.000830 seconds.
Begin MonoManager ReloadAssembly
Native extension for WindowsStandalone target not found
Refreshing native plugins compatible for Editor in 0.16 ms, found 0 plugins.
Preloading 0 native plugins for Editor in 0.00 ms.
Invoked RoslynAnalysisRunner static constructor.
RoslynAnalysisRunner will not be running.
RoslynAnalysisRunner has terminated.
Mono: successfully reloaded assembly
- Completed reload, in  0.577 seconds
Platform modules already initialized, skipping
Refreshing native plugins compatible for Editor in 0.15 ms, found 0 plugins.
Preloading 0 native plugins for Editor in 0.00 ms.
Unloading 1102 Unused Serialized files (Serialized files now loaded: 0)
System memory in use before: 56.8 MB.
System memory in use after: 56.8 MB.

Unloading 6 unused Assets to reduce memory usage. Loaded Objects now: 1551.
Total: 1.068500 ms (FindLiveObjects: 0.095900 ms CreateObjectMapping: 0.025000 ms MarkObjects: 0.910200 ms  DeleteObjects: 0.036700 ms)

AssetImportWorkerClient::OnTransportError - code=2 error=End of file
